


ARM Macro Assembler    Page 1 


    1 00000000         
    2 00000000         
    3 00000000         
    4 00000000                 AREA             add64bit,CODE,READONLY
    5 00000000                 ENTRY
    6 00000000         
    7 00000000 E59F0040        LDR              R0, =NUM1L
    8 00000004 E59F1040        LDR              R1, =NUM1U
    9 00000008 E59F2040        LDR              R2, =NUM2L
   10 0000000C E59F3040        LDR              R3, =NUM2U
   11 00000010         
   12 00000010 E5904000        LDR              R4,[R0]
   13 00000014 E5915000        LDR              R5,[R1]
   14 00000018 E5926000        LDR              R6,[R2]
   15 0000001C E5937000        LDR              R7,[R3]
   16 00000020         
   17 00000020 E094A006        ADDS             R10,R4,R6
   18 00000024         
   19 00000024 E0A5B007        ADC              R11,R5,R7
   20 00000028         
   21 00000028 E59F8028        LDR              R8, =RESULT1L
   22 0000002C E59F9028        LDR              R9, =RESULT1U
   23 00000030 E588A000        STR              R10,[R8]
   24 00000034 E589B000        STR              R11,[R9]
   25 00000038         
   26 00000038 E1A00000        NOP
   27 0000003C E1A00000        NOP
   28 00000040 E1A00000        NOP
   29 00000044 E1A00000        NOP
   30 00000048         
   31 00000048         ;NUM1L DCD 0X11112222
   32 00000048         ;NUM1U DCD 0X12345678
   33 00000048         ;NUM2L DCD 0X33334444
   34 00000048         ;NUM2U DCD 0X87654321
   35 00000048         
   36 00000048 00000000 
              00000000 
              00000000 
              00000000 
              00000000 
              00000000         AREA             DATA1,DATA,READWRITE
   37 00000000 00000000 
                       RESULT1L
                               DCD              0X00000000
   38 00000004 00000000 
                       RESULT1U
                               DCD              0X00000000
   39 00000008         
   40 00000008 11112222 
                       NUM1L   DCD              0X11112222
   41 0000000C 12345678 
                       NUM1U   DCD              0X12345678
   42 00000010 33334444 
                       NUM2L   DCD              0X33334444
   43 00000014 87654321 
                       NUM2U   DCD              0X87654321
   44 00000018                 END
Command Line: --debug --xref --diag_suppress=9931 --bi --apcs=interwork --depen
d=.\objects\add64bit.d -o.\objects\add64bit.o -IC:\Keil_v5\ARM\RV31\INC -IC:\Ke



ARM Macro Assembler    Page 2 


il_v5\ARM\CMSIS\Include --predefine="__EVAL SETA 1" --predefine="__UVISION_VERS
ION SETA 520" --list=.\listings\add64bit.lst add64bit.s



ARM Macro Assembler    Page 1 Alphabetic symbol ordering
Relocatable symbols

add64bit 00000000

Symbol: add64bit
   Definitions
      At line 4 in file add64bit.s
   Uses
      None
Comment: add64bit unused
1 symbol



ARM Macro Assembler    Page 1 Alphabetic symbol ordering
Relocatable symbols

DATA1 00000000

Symbol: DATA1
   Definitions
      At line 36 in file add64bit.s
   Uses
      None
Comment: DATA1 unused
NUM1L 00000008

Symbol: NUM1L
   Definitions
      At line 40 in file add64bit.s
   Uses
      At line 7 in file add64bit.s
Comment: NUM1L used once
NUM1U 0000000C

Symbol: NUM1U
   Definitions
      At line 41 in file add64bit.s
   Uses
      At line 8 in file add64bit.s
Comment: NUM1U used once
NUM2L 00000010

Symbol: NUM2L
   Definitions
      At line 42 in file add64bit.s
   Uses
      At line 9 in file add64bit.s
Comment: NUM2L used once
NUM2U 00000014

Symbol: NUM2U
   Definitions
      At line 43 in file add64bit.s
   Uses
      At line 10 in file add64bit.s
Comment: NUM2U used once
RESULT1L 00000000

Symbol: RESULT1L
   Definitions
      At line 37 in file add64bit.s
   Uses
      At line 21 in file add64bit.s
Comment: RESULT1L used once
RESULT1U 00000004

Symbol: RESULT1U
   Definitions
      At line 38 in file add64bit.s
   Uses
      At line 22 in file add64bit.s
Comment: RESULT1U used once
7 symbols
342 symbols in table
